# This file was automatically created by FeynRules 2.3.47
# Mathematica version: 12.0.0 for Microsoft Windows (64-bit) (April 6, 2019)
# Date: Wed 7 Jul 2021 11:27:00


# 
# This is the logfile for the model Mod_VLQ

# Authors: M. Baker, J. Fuentes-Martin, M. Koenig, G. Isidori
# Model version: 1.1
# Checking the Quantum numbers
   * Electric charge defined.
# Checking the Lagrangians
   * All Lagrangians are ok.
#
# Particle definitions
#

   * No particles removed. All particles correspond to GenInt setup.

# Automatically assigned PDG numbers
   * Assigned PDG number 9000001 to particle ghA
   * Assigned PDG number 9000002 to particle ghZ
   * Assigned PDG number 9000003 to particle ghWp
   * Assigned PDG number 9000004 to particle ghWm
   * Assigned PDG number 9000005 to particle Gp
   * Assigned PDG number 9000006 to particle Zp
   * Assigned PDG number 9000007 to particle VLQ


# Compulsory PDG codes:
   * Class SM leptons complete.
   * Class SM neutrinos complete.
   * Class SM quarks complete.
   * Class SM gauge bosons complete.
#
# Parameter definitions
#

   * Parameter betaL1x3 is complex, but declared as real. Changing type to complex.


# Vertices
   * Calling FeynmanRules for 4 Lagrangians.
   * Number of classes vertices: 117
   * Number of flavored vertices: 195
   * Saved vertices in InterfaceRun[ 1 ].
   * Checked QNumber conservation.
      - Quantum number GhostNumber conserved in all vertices.
      - Quantum number LeptonNumber conserved in all vertices.
      - Quantum number Q conserved in all vertices.
      - Quantum number Y conserved in all vertices.
   * particles.py written.
   * parameters.py written.
#
# Vertex definitions
#

   * 195 vertices written.
   * vertices.py written.
#
# Lorentz structure definitions
#

   * 31 lorentz structures written.
   * lorentz.py written.
#
# Coupling definitions
#

   * 169 couplings written.
   * couplings.py written.
#
# Coupling order definitions
#

   * 0 couplings orders written.
   * coupling_orders.py written.
#
# Decay definitions
#

   * 7 decays written.
   * decay.py not written
#
# CTCoupling definitions
#

   * 0 CTcouplings written.
   * CT_couplings.py written.
